22-05-2023 08:46:34.175 [Gauge] [INFO] Initializing concepts cache with 0 concepts
22-05-2023 08:46:34.176 [Gauge] [INFO] Initializing specs cache with 1 specs
22-05-2023 08:46:34.176 [Gauge] [DEBUG] Adding specs from /home/watanabejin/workspace/gauge-inte/specs/Hello.spec
22-05-2023 08:46:34.176 [Gauge] [INFO] Initializing steps cache with 1 steps
22-05-2023 08:46:34.176 [Gauge] [INFO] Gauge daemon initialized and listening on port: 36587
22-05-2023 08:46:34.176 [Gauge] [DEBUG] Watching directory: /home/watanabejin/workspace/gauge-inte/specs
22-05-2023 08:46:34.176 [Gauge] [DEBUG] Found 1 files
22-05-2023 08:46:34.458 [Gauge] [DEBUG] Api Request Received: messageType:GetStepValueRequest  messageId:4  stepValueRequest:{stepText:"出力する"}
22-05-2023 08:46:34.458 [Gauge] [DEBUG] Sending API response: messageType:GetStepValueResponse  messageId:4  stepValueResponse:{stepValue:{stepValue:"出力する"  parameterizedStepValue:"出力する"}}
22-05-2023 08:46:40.995 [Gauge] [DEBUG] Api Request Received: messageType:GetStepValueRequest  messageId:4  stepValueRequest:{stepText:"API<apiName>のURL<url>にパス<jsonPath>に真偽値<value>を持つJSONをリクエストされた"}
22-05-2023 08:46:40.995 [Gauge] [DEBUG] Sending API response: messageType:GetStepValueResponse  messageId:4  stepValueResponse:{stepValue:{stepValue:"API{}のURL{}にパス{}に真偽値{}を持つJSONをリクエストされた"  parameterizedStepValue:"API<apiName>のURL<url>にパス<jsonPath>に真偽値<value>を持つJSONをリクエストされた"  parameters:"apiName"  parameters:"url"  parameters:"jsonPath"  parameters:"value"}}
22-05-2023 08:46:40.999 [Gauge] [DEBUG] Api Request Received: messageType:GetStepValueRequest  messageId:4  stepValueRequest:{stepText:"API<apiName>のURL<url>にパス<jsonPath>に小数値<value>を持つJSONをリクエストされた"}
22-05-2023 08:46:40.999 [Gauge] [DEBUG] Sending API response: messageType:GetStepValueResponse  messageId:4  stepValueResponse:{stepValue:{stepValue:"API{}のURL{}にパス{}に小数値{}を持つJSONをリクエストされた"  parameterizedStepValue:"API<apiName>のURL<url>にパス<jsonPath>に小数値<value>を持つJSONをリクエストされた"  parameters:"apiName"  parameters:"url"  parameters:"jsonPath"  parameters:"value"}}
22-05-2023 08:46:41.001 [Gauge] [DEBUG] Api Request Received: messageType:GetStepValueRequest  messageId:4  stepValueRequest:{stepText:"API<apiName>のURL<url>にパス<jsonPath>に整数値<value>を持つJSONをリクエストされた"}
22-05-2023 08:46:41.001 [Gauge] [DEBUG] Sending API response: messageType:GetStepValueResponse  messageId:4  stepValueResponse:{stepValue:{stepValue:"API{}のURL{}にパス{}に整数値{}を持つJSONをリクエストされた"  parameterizedStepValue:"API<apiName>のURL<url>にパス<jsonPath>に整数値<value>を持つJSONをリクエストされた"  parameters:"apiName"  parameters:"url"  parameters:"jsonPath"  parameters:"value"}}
22-05-2023 08:46:41.003 [Gauge] [DEBUG] Api Request Received: messageType:GetStepValueRequest  messageId:4  stepValueRequest:{stepText:"API<apiName>のURL<url>にパス<jsonPath>に文字列<value>を持つJSONをリクエストされた"}
22-05-2023 08:46:41.003 [Gauge] [DEBUG] Sending API response: messageType:GetStepValueResponse  messageId:4  stepValueResponse:{stepValue:{stepValue:"API{}のURL{}にパス{}に文字列{}を持つJSONをリクエストされた"  parameterizedStepValue:"API<apiName>のURL<url>にパス<jsonPath>に文字列<value>を持つJSONをリクエストされた"  parameters:"apiName"  parameters:"url"  parameters:"jsonPath"  parameters:"value"}}
22-05-2023 08:46:41.004 [Gauge] [DEBUG] Api Request Received: messageType:GetStepValueRequest  messageId:4  stepValueRequest:{stepText:"API<apiName>のURL<url>にヘッダー<header>で、DELETEリクエストされた"}
22-05-2023 08:46:41.004 [Gauge] [DEBUG] Sending API response: messageType:GetStepValueResponse  messageId:4  stepValueResponse:{stepValue:{stepValue:"API{}のURL{}にヘッダー{}で、DELETEリクエストされた"  parameterizedStepValue:"API<apiName>のURL<url>にヘッダー<header>で、DELETEリクエストされた"  parameters:"apiName"  parameters:"url"  parameters:"header"}}
22-05-2023 08:46:41.006 [Gauge] [DEBUG] Api Request Received: messageType:GetStepValueRequest  messageId:4  stepValueRequest:{stepText:"API<apiName>のURL<url>にDELETEリクエストされた"}
22-05-2023 08:46:41.006 [Gauge] [DEBUG] Sending API response: messageType:GetStepValueResponse  messageId:4  stepValueResponse:{stepValue:{stepValue:"API{}のURL{}にDELETEリクエストされた"  parameterizedStepValue:"API<apiName>のURL<url>にDELETEリクエストされた"  parameters:"apiName"  parameters:"url"}}
22-05-2023 08:46:41.008 [Gauge] [DEBUG] Api Request Received: messageType:GetStepValueRequest  messageId:4  stepValueRequest:{stepText:"API<apiName>のURL<url>にヘッダー<header>で、GETリクエストされた"}
22-05-2023 08:46:41.009 [Gauge] [DEBUG] Sending API response: messageType:GetStepValueResponse  messageId:4  stepValueResponse:{stepValue:{stepValue:"API{}のURL{}にヘッダー{}で、GETリクエストされた"  parameterizedStepValue:"API<apiName>のURL<url>にヘッダー<header>で、GETリクエストされた"  parameters:"apiName"  parameters:"url"  parameters:"header"}}
22-05-2023 08:46:41.011 [Gauge] [DEBUG] Api Request Received: messageType:GetStepValueRequest  messageId:4  stepValueRequest:{stepText:"API<apiName>のURL<url>にGETリクエストされた"}
22-05-2023 08:46:41.011 [Gauge] [DEBUG] Sending API response: messageType:GetStepValueResponse  messageId:4  stepValueResponse:{stepValue:{stepValue:"API{}のURL{}にGETリクエストされた"  parameterizedStepValue:"API<apiName>のURL<url>にGETリクエストされた"  parameters:"apiName"  parameters:"url"}}
22-05-2023 08:46:41.012 [Gauge] [DEBUG] Api Request Received: messageType:GetStepValueRequest  messageId:4  stepValueRequest:{stepText:"API<apiName>のURL<url>にヘッダー<header>:<value>を含むリクエストをされた"}
22-05-2023 08:46:41.012 [Gauge] [DEBUG] Sending API response: messageType:GetStepValueResponse  messageId:4  stepValueResponse:{stepValue:{stepValue:"API{}のURL{}にヘッダー{}:{}を含むリクエストをされた"  parameterizedStepValue:"API<apiName>のURL<url>にヘッダー<header>:<value>を含むリクエストをされた"  parameters:"apiName"  parameters:"url"  parameters:"header"  parameters:"value"}}
22-05-2023 08:46:41.014 [Gauge] [DEBUG] Api Request Received: messageType:GetStepValueRequest  messageId:4  stepValueRequest:{stepText:"API<apiName>のURL<url>にヘッダー<header>で、POSTリクエストされた"}
22-05-2023 08:46:41.014 [Gauge] [DEBUG] Sending API response: messageType:GetStepValueResponse  messageId:4  stepValueResponse:{stepValue:{stepValue:"API{}のURL{}にヘッダー{}で、POSTリクエストされた"  parameterizedStepValue:"API<apiName>のURL<url>にヘッダー<header>で、POSTリクエストされた"  parameters:"apiName"  parameters:"url"  parameters:"header"}}
22-05-2023 08:46:41.017 [Gauge] [DEBUG] Api Request Received: messageType:GetStepValueRequest  messageId:4  stepValueRequest:{stepText:"API<apiName>のURL<url>にボディ<jsonFilePath>JSONファイルの内容、ヘッダー<header>で、POSTリクエストされた"}
22-05-2023 08:46:41.017 [Gauge] [DEBUG] Sending API response: messageType:GetStepValueResponse  messageId:4  stepValueResponse:{stepValue:{stepValue:"API{}のURL{}にボディ{}JSONファイルの内容、ヘッダー{}で、POSTリクエストされた"  parameterizedStepValue:"API<apiName>のURL<url>にボディ<jsonFilePath>JSONファイルの内容、ヘッダー<header>で、POSTリクエストされた"  parameters:"apiName"  parameters:"url"  parameters:"jsonFilePath"  parameters:"header"}}
22-05-2023 08:46:41.020 [Gauge] [DEBUG] Api Request Received: messageType:GetStepValueRequest  messageId:4  stepValueRequest:{stepText:"API<apiName>のURL<url>にPOSTリクエストされた"}
22-05-2023 08:46:41.020 [Gauge] [DEBUG] Sending API response: messageType:GetStepValueResponse  messageId:4  stepValueResponse:{stepValue:{stepValue:"API{}のURL{}にPOSTリクエストされた"  parameterizedStepValue:"API<apiName>のURL<url>にPOSTリクエストされた"  parameters:"apiName"  parameters:"url"}}
22-05-2023 08:46:41.022 [Gauge] [DEBUG] Api Request Received: messageType:GetStepValueRequest  messageId:4  stepValueRequest:{stepText:"API<apiName>のURL<url>にボディ<jsonFilePath>JSONファイルの内容でPOSTリクエストされた"}
22-05-2023 08:46:41.023 [Gauge] [DEBUG] Sending API response: messageType:GetStepValueResponse  messageId:4  stepValueResponse:{stepValue:{stepValue:"API{}のURL{}にボディ{}JSONファイルの内容でPOSTリクエストされた"  parameterizedStepValue:"API<apiName>のURL<url>にボディ<jsonFilePath>JSONファイルの内容でPOSTリクエストされた"  parameters:"apiName"  parameters:"url"  parameters:"jsonFilePath"}}
22-05-2023 08:46:41.024 [Gauge] [DEBUG] Api Request Received: messageType:GetStepValueRequest  messageId:4  stepValueRequest:{stepText:"API<apiName>のURL<url>にパス<jsonPath>に真偽値<value>を持つJSONでPOSTリクエストされた"}
22-05-2023 08:46:41.024 [Gauge] [DEBUG] Sending API response: messageType:GetStepValueResponse  messageId:4  stepValueResponse:{stepValue:{stepValue:"API{}のURL{}にパス{}に真偽値{}を持つJSONでPOSTリクエストされた"  parameterizedStepValue:"API<apiName>のURL<url>にパス<jsonPath>に真偽値<value>を持つJSONでPOSTリクエストされた"  parameters:"apiName"  parameters:"url"  parameters:"jsonPath"  parameters:"value"}}
22-05-2023 08:46:41.026 [Gauge] [DEBUG] Api Request Received: messageType:GetStepValueRequest  messageId:4  stepValueRequest:{stepText:"API<apiName>のURL<url>にパス<jsonPath>に小数値<value>を持つJSONでPOSTリクエストされた"}
22-05-2023 08:46:41.026 [Gauge] [DEBUG] Sending API response: messageType:GetStepValueResponse  messageId:4  stepValueResponse:{stepValue:{stepValue:"API{}のURL{}にパス{}に小数値{}を持つJSONでPOSTリクエストされた"  parameterizedStepValue:"API<apiName>のURL<url>にパス<jsonPath>に小数値<value>を持つJSONでPOSTリクエストされた"  parameters:"apiName"  parameters:"url"  parameters:"jsonPath"  parameters:"value"}}
22-05-2023 08:46:41.027 [Gauge] [DEBUG] Api Request Received: messageType:GetStepValueRequest  messageId:4  stepValueRequest:{stepText:"API<apiName>のURL<url>にパス<jsonPath>に整数値<value>を持つJSONでPOSTリクエストされた"}
22-05-2023 08:46:41.028 [Gauge] [DEBUG] Sending API response: messageType:GetStepValueResponse  messageId:4  stepValueResponse:{stepValue:{stepValue:"API{}のURL{}にパス{}に整数値{}を持つJSONでPOSTリクエストされた"  parameterizedStepValue:"API<apiName>のURL<url>にパス<jsonPath>に整数値<value>を持つJSONでPOSTリクエストされた"  parameters:"apiName"  parameters:"url"  parameters:"jsonPath"  parameters:"value"}}
22-05-2023 08:46:41.031 [Gauge] [DEBUG] Api Request Received: messageType:GetStepValueRequest  messageId:4  stepValueRequest:{stepText:"API<apiName>のURL<url>にパス<jsonPath>に文字列<value>を持つJSONでPOSTリクエストされた"}
22-05-2023 08:46:41.031 [Gauge] [DEBUG] Sending API response: messageType:GetStepValueResponse  messageId:4  stepValueResponse:{stepValue:{stepValue:"API{}のURL{}にパス{}に文字列{}を持つJSONでPOSTリクエストされた"  parameterizedStepValue:"API<apiName>のURL<url>にパス<jsonPath>に文字列<value>を持つJSONでPOSTリクエストされた"  parameters:"apiName"  parameters:"url"  parameters:"jsonPath"  parameters:"value"}}
22-05-2023 08:46:41.040 [Gauge] [DEBUG] Api Request Received: messageType:GetStepValueRequest  messageId:4  stepValueRequest:{stepText:"API<apiName>のURL<url>にヘッダー<header>で、PUTリクエストされた"}
22-05-2023 08:46:41.041 [Gauge] [DEBUG] Sending API response: messageType:GetStepValueResponse  messageId:4  stepValueResponse:{stepValue:{stepValue:"API{}のURL{}にヘッダー{}で、PUTリクエストされた"  parameterizedStepValue:"API<apiName>のURL<url>にヘッダー<header>で、PUTリクエストされた"  parameters:"apiName"  parameters:"url"  parameters:"header"}}
22-05-2023 08:46:41.042 [Gauge] [DEBUG] Api Request Received: messageType:GetStepValueRequest  messageId:4  stepValueRequest:{stepText:"API<apiName>のURL<url>にボディ<jsonFilePath>JSONファイルの内容、ヘッダー<header>で、PUTリクエストされた"}
22-05-2023 08:46:41.042 [Gauge] [DEBUG] Sending API response: messageType:GetStepValueResponse  messageId:4  stepValueResponse:{stepValue:{stepValue:"API{}のURL{}にボディ{}JSONファイルの内容、ヘッダー{}で、PUTリクエストされた"  parameterizedStepValue:"API<apiName>のURL<url>にボディ<jsonFilePath>JSONファイルの内容、ヘッダー<header>で、PUTリクエストされた"  parameters:"apiName"  parameters:"url"  parameters:"jsonFilePath"  parameters:"header"}}
22-05-2023 08:46:41.044 [Gauge] [DEBUG] Api Request Received: messageType:GetStepValueRequest  messageId:4  stepValueRequest:{stepText:"API<apiName>のURL<url>にPUTリクエストされた"}
22-05-2023 08:46:41.044 [Gauge] [DEBUG] Sending API response: messageType:GetStepValueResponse  messageId:4  stepValueResponse:{stepValue:{stepValue:"API{}のURL{}にPUTリクエストされた"  parameterizedStepValue:"API<apiName>のURL<url>にPUTリクエストされた"  parameters:"apiName"  parameters:"url"}}
22-05-2023 08:46:41.046 [Gauge] [DEBUG] Api Request Received: messageType:GetStepValueRequest  messageId:4  stepValueRequest:{stepText:"API<apiName>のURL<url>にボディ<jsonFilePath>JSONファイルの内容でPUTリクエストされた"}
22-05-2023 08:46:41.046 [Gauge] [DEBUG] Sending API response: messageType:GetStepValueResponse  messageId:4  stepValueResponse:{stepValue:{stepValue:"API{}のURL{}にボディ{}JSONファイルの内容でPUTリクエストされた"  parameterizedStepValue:"API<apiName>のURL<url>にボディ<jsonFilePath>JSONファイルの内容でPUTリクエストされた"  parameters:"apiName"  parameters:"url"  parameters:"jsonFilePath"}}
22-05-2023 08:46:41.048 [Gauge] [DEBUG] Api Request Received: messageType:GetStepValueRequest  messageId:4  stepValueRequest:{stepText:"API<apiName>のURL<url>にパス<jsonPath>に真偽値<value>を持つJSONでPUTリクエストされた"}
22-05-2023 08:46:41.048 [Gauge] [DEBUG] Sending API response: messageType:GetStepValueResponse  messageId:4  stepValueResponse:{stepValue:{stepValue:"API{}のURL{}にパス{}に真偽値{}を持つJSONでPUTリクエストされた"  parameterizedStepValue:"API<apiName>のURL<url>にパス<jsonPath>に真偽値<value>を持つJSONでPUTリクエストされた"  parameters:"apiName"  parameters:"url"  parameters:"jsonPath"  parameters:"value"}}
22-05-2023 08:46:41.049 [Gauge] [DEBUG] Api Request Received: messageType:GetStepValueRequest  messageId:4  stepValueRequest:{stepText:"API<apiName>のURL<url>にパス<jsonPath>に小数値<value>を持つJSONでPUTリクエストされた"}
22-05-2023 08:46:41.049 [Gauge] [DEBUG] Sending API response: messageType:GetStepValueResponse  messageId:4  stepValueResponse:{stepValue:{stepValue:"API{}のURL{}にパス{}に小数値{}を持つJSONでPUTリクエストされた"  parameterizedStepValue:"API<apiName>のURL<url>にパス<jsonPath>に小数値<value>を持つJSONでPUTリクエストされた"  parameters:"apiName"  parameters:"url"  parameters:"jsonPath"  parameters:"value"}}
22-05-2023 08:46:41.051 [Gauge] [DEBUG] Api Request Received: messageType:GetStepValueRequest  messageId:4  stepValueRequest:{stepText:"API<apiName>のURL<url>にパス<jsonPath>に整数値<value>を持つJSONでPUTリクエストされた"}
22-05-2023 08:46:41.051 [Gauge] [DEBUG] Sending API response: messageType:GetStepValueResponse  messageId:4  stepValueResponse:{stepValue:{stepValue:"API{}のURL{}にパス{}に整数値{}を持つJSONでPUTリクエストされた"  parameterizedStepValue:"API<apiName>のURL<url>にパス<jsonPath>に整数値<value>を持つJSONでPUTリクエストされた"  parameters:"apiName"  parameters:"url"  parameters:"jsonPath"  parameters:"value"}}
22-05-2023 08:46:41.052 [Gauge] [DEBUG] Api Request Received: messageType:GetStepValueRequest  messageId:4  stepValueRequest:{stepText:"API<apiName>のURL<url>にパス<jsonPath>に文字列<value>を持つJSONでPUTリクエストされた"}
22-05-2023 08:46:41.052 [Gauge] [DEBUG] Sending API response: messageType:GetStepValueResponse  messageId:4  stepValueResponse:{stepValue:{stepValue:"API{}のURL{}にパス{}に文字列{}を持つJSONでPUTリクエストされた"  parameterizedStepValue:"API<apiName>のURL<url>にパス<jsonPath>に文字列<value>を持つJSONでPUTリクエストされた"  parameters:"apiName"  parameters:"url"  parameters:"jsonPath"  parameters:"value"}}
22-05-2023 08:46:41.054 [Gauge] [DEBUG] Api Request Received: messageType:GetStepValueRequest  messageId:4  stepValueRequest:{stepText:"レスポンスボディがバイナリ<path>である"}
22-05-2023 08:46:41.054 [Gauge] [DEBUG] Sending API response: messageType:GetStepValueResponse  messageId:4  stepValueResponse:{stepValue:{stepValue:"レスポンスボディがバイナリ{}である"  parameterizedStepValue:"レスポンスボディがバイナリ<path>である"  parameters:"path"}}
22-05-2023 08:46:41.056 [Gauge] [DEBUG] Api Request Received: messageType:GetStepValueRequest  messageId:4  stepValueRequest:{stepText:"レスポンスボディが文字列<stringValue>である"}
22-05-2023 08:46:41.056 [Gauge] [DEBUG] Sending API response: messageType:GetStepValueResponse  messageId:4  stepValueResponse:{stepValue:{stepValue:"レスポンスボディが文字列{}である"  parameterizedStepValue:"レスポンスボディが文字列<stringValue>である"  parameters:"stringValue"}}
22-05-2023 08:46:41.058 [Gauge] [DEBUG] Api Request Received: messageType:GetStepValueRequest  messageId:4  stepValueRequest:{stepText:"レスポンスヘッダーに<key>が存在し、その値が<value>である"}
22-05-2023 08:46:41.058 [Gauge] [DEBUG] Sending API response: messageType:GetStepValueResponse  messageId:4  stepValueResponse:{stepValue:{stepValue:"レスポンスヘッダーに{}が存在し、その値が{}である"  parameterizedStepValue:"レスポンスヘッダーに<key>が存在し、その値が<value>である"  parameters:"key"  parameters:"value"}}
22-05-2023 08:46:41.060 [Gauge] [DEBUG] Api Request Received: messageType:GetStepValueRequest  messageId:4  stepValueRequest:{stepText:"レスポンスステータスコードが<statusCode>である"}
22-05-2023 08:46:41.060 [Gauge] [DEBUG] Sending API response: messageType:GetStepValueResponse  messageId:4  stepValueResponse:{stepValue:{stepValue:"レスポンスステータスコードが{}である"  parameterizedStepValue:"レスポンスステータスコードが<statusCode>である"  parameters:"statusCode"}}
22-05-2023 08:46:41.063 [Gauge] [DEBUG] Api Request Received: messageType:GetStepValueRequest  messageId:4  stepValueRequest:{stepText:"URL<url>にDELETEリクエストを送る"}
22-05-2023 08:46:41.063 [Gauge] [DEBUG] Sending API response: messageType:GetStepValueResponse  messageId:4  stepValueResponse:{stepValue:{stepValue:"URL{}にDELETEリクエストを送る"  parameterizedStepValue:"URL<url>にDELETEリクエストを送る"  parameters:"url"}}
22-05-2023 08:46:41.064 [Gauge] [DEBUG] Api Request Received: messageType:GetStepValueRequest  messageId:4  stepValueRequest:{stepText:"URL<url>にヘッダー<header>で、DELETEリクエストを送る"}
22-05-2023 08:46:41.065 [Gauge] [DEBUG] Sending API response: messageType:GetStepValueResponse  messageId:4  stepValueResponse:{stepValue:{stepValue:"URL{}にヘッダー{}で、DELETEリクエストを送る"  parameterizedStepValue:"URL<url>にヘッダー<header>で、DELETEリクエストを送る"  parameters:"url"  parameters:"header"}}
22-05-2023 08:46:41.066 [Gauge] [DEBUG] Api Request Received: messageType:GetStepValueRequest  messageId:4  stepValueRequest:{stepText:"URL<url>にGETリクエストを送る"}
22-05-2023 08:46:41.066 [Gauge] [DEBUG] Sending API response: messageType:GetStepValueResponse  messageId:4  stepValueResponse:{stepValue:{stepValue:"URL{}にGETリクエストを送る"  parameterizedStepValue:"URL<url>にGETリクエストを送る"  parameters:"url"}}
22-05-2023 08:46:41.078 [Gauge] [DEBUG] Api Request Received: messageType:GetStepValueRequest  messageId:4  stepValueRequest:{stepText:"URL<url>にヘッダー<header>で、GETリクエストを送る"}
22-05-2023 08:46:41.078 [Gauge] [DEBUG] Sending API response: messageType:GetStepValueResponse  messageId:4  stepValueResponse:{stepValue:{stepValue:"URL{}にヘッダー{}で、GETリクエストを送る"  parameterizedStepValue:"URL<url>にヘッダー<header>で、GETリクエストを送る"  parameters:"url"  parameters:"header"}}
22-05-2023 08:46:41.080 [Gauge] [DEBUG] Api Request Received: messageType:GetStepValueRequest  messageId:4  stepValueRequest:{stepText:"URL<url>にPOSTリクエストを送る"}
22-05-2023 08:46:41.080 [Gauge] [DEBUG] Sending API response: messageType:GetStepValueResponse  messageId:4  stepValueResponse:{stepValue:{stepValue:"URL{}にPOSTリクエストを送る"  parameterizedStepValue:"URL<url>にPOSTリクエストを送る"  parameters:"url"}}
22-05-2023 08:46:41.082 [Gauge] [DEBUG] Api Request Received: messageType:GetStepValueRequest  messageId:4  stepValueRequest:{stepText:"URL<url>にボディ<requestBody>で、POSTリクエストを送る"}
22-05-2023 08:46:41.082 [Gauge] [DEBUG] Sending API response: messageType:GetStepValueResponse  messageId:4  stepValueResponse:{stepValue:{stepValue:"URL{}にボディ{}で、POSTリクエストを送る"  parameterizedStepValue:"URL<url>にボディ<requestBody>で、POSTリクエストを送る"  parameters:"url"  parameters:"requestBody"}}
22-05-2023 08:46:41.084 [Gauge] [DEBUG] Api Request Received: messageType:GetStepValueRequest  messageId:4  stepValueRequest:{stepText:"URL<url>にボディ<requestBody>、ヘッダー<header>で、POSTリクエストを送る"}
22-05-2023 08:46:41.084 [Gauge] [DEBUG] Sending API response: messageType:GetStepValueResponse  messageId:4  stepValueResponse:{stepValue:{stepValue:"URL{}にボディ{}、ヘッダー{}で、POSTリクエストを送る"  parameterizedStepValue:"URL<url>にボディ<requestBody>、ヘッダー<header>で、POSTリクエストを送る"  parameters:"url"  parameters:"requestBody"  parameters:"header"}}
22-05-2023 08:46:41.086 [Gauge] [DEBUG] Api Request Received: messageType:GetStepValueRequest  messageId:4  stepValueRequest:{stepText:"URL<url>にヘッダー<header>で、POSTリクエストを送る"}
22-05-2023 08:46:41.086 [Gauge] [DEBUG] Sending API response: messageType:GetStepValueResponse  messageId:4  stepValueResponse:{stepValue:{stepValue:"URL{}にヘッダー{}で、POSTリクエストを送る"  parameterizedStepValue:"URL<url>にヘッダー<header>で、POSTリクエストを送る"  parameters:"url"  parameters:"header"}}
22-05-2023 08:46:41.088 [Gauge] [DEBUG] Api Request Received: messageType:GetStepValueRequest  messageId:4  stepValueRequest:{stepText:"URL<url>にPUTリクエストを送る"}
22-05-2023 08:46:41.088 [Gauge] [DEBUG] Sending API response: messageType:GetStepValueResponse  messageId:4  stepValueResponse:{stepValue:{stepValue:"URL{}にPUTリクエストを送る"  parameterizedStepValue:"URL<url>にPUTリクエストを送る"  parameters:"url"}}
22-05-2023 08:46:41.090 [Gauge] [DEBUG] Api Request Received: messageType:GetStepValueRequest  messageId:4  stepValueRequest:{stepText:"URL<url>にボディ<requestBody>で、PUTリクエストを送る"}
22-05-2023 08:46:41.090 [Gauge] [DEBUG] Sending API response: messageType:GetStepValueResponse  messageId:4  stepValueResponse:{stepValue:{stepValue:"URL{}にボディ{}で、PUTリクエストを送る"  parameterizedStepValue:"URL<url>にボディ<requestBody>で、PUTリクエストを送る"  parameters:"url"  parameters:"requestBody"}}
22-05-2023 08:46:41.091 [Gauge] [DEBUG] Api Request Received: messageType:GetStepValueRequest  messageId:4  stepValueRequest:{stepText:"URL<url>にボディ<requestBody>、ヘッダー<header>で、PUTリクエストを送る"}
22-05-2023 08:46:41.091 [Gauge] [DEBUG] Sending API response: messageType:GetStepValueResponse  messageId:4  stepValueResponse:{stepValue:{stepValue:"URL{}にボディ{}、ヘッダー{}で、PUTリクエストを送る"  parameterizedStepValue:"URL<url>にボディ<requestBody>、ヘッダー<header>で、PUTリクエストを送る"  parameters:"url"  parameters:"requestBody"  parameters:"header"}}
22-05-2023 08:46:41.093 [Gauge] [DEBUG] Api Request Received: messageType:GetStepValueRequest  messageId:4  stepValueRequest:{stepText:"URL<url>にヘッダー<header>で、PUTリクエストを送る"}
22-05-2023 08:46:41.094 [Gauge] [DEBUG] Sending API response: messageType:GetStepValueResponse  messageId:4  stepValueResponse:{stepValue:{stepValue:"URL{}にヘッダー{}で、PUTリクエストを送る"  parameterizedStepValue:"URL<url>にヘッダー<header>で、PUTリクエストを送る"  parameters:"url"  parameters:"header"}}
22-05-2023 08:46:41.095 [Gauge] [DEBUG] Api Request Received: messageType:GetStepValueRequest  messageId:4  stepValueRequest:{stepText:"レスポンスのJSONの配列<jsonPath>に、小数値<value>が存在する"}
22-05-2023 08:46:41.095 [Gauge] [DEBUG] Sending API response: messageType:GetStepValueResponse  messageId:4  stepValueResponse:{stepValue:{stepValue:"レスポンスのJSONの配列{}に、小数値{}が存在する"  parameterizedStepValue:"レスポンスのJSONの配列<jsonPath>に、小数値<value>が存在する"  parameters:"jsonPath"  parameters:"value"}}
22-05-2023 08:46:41.097 [Gauge] [DEBUG] Api Request Received: messageType:GetStepValueRequest  messageId:4  stepValueRequest:{stepText:"レスポンスのJSONの<jsonPath>が小数の<expected>である"}
22-05-2023 08:46:41.097 [Gauge] [DEBUG] Sending API response: messageType:GetStepValueResponse  messageId:4  stepValueResponse:{stepValue:{stepValue:"レスポンスのJSONの{}が小数の{}である"  parameterizedStepValue:"レスポンスのJSONの<jsonPath>が小数の<expected>である"  parameters:"jsonPath"  parameters:"expected"}}
22-05-2023 08:46:41.098 [Gauge] [DEBUG] Api Request Received: messageType:GetStepValueRequest  messageId:4  stepValueRequest:{stepText:"レスポンスのJSONの<jsonPath>の配列の、UniqueKey<uniqueKey>の値が<filterValue>である要素の<key>が、小数値の<expected>である"}
22-05-2023 08:46:41.099 [Gauge] [DEBUG] Sending API response: messageType:GetStepValueResponse  messageId:4  stepValueResponse:{stepValue:{stepValue:"レスポンスのJSONの{}の配列の、UniqueKey{}の値が{}である要素の{}が、小数値の{}である"  parameterizedStepValue:"レスポンスのJSONの<jsonPath>の配列の、UniqueKey<uniqueKey>の値が<filterValue>である要素の<key>が、小数値の<expected>である"  parameters:"jsonPath"  parameters:"uniqueKey"  parameters:"filterValue"  parameters:"key"  parameters:"expected"}}
22-05-2023 08:46:41.100 [Gauge] [DEBUG] Api Request Received: messageType:GetStepValueRequest  messageId:4  stepValueRequest:{stepText:"レスポンスのJSONの配列<jsonPath>に、小数値<value>が存在しない"}
22-05-2023 08:46:41.100 [Gauge] [DEBUG] Sending API response: messageType:GetStepValueResponse  messageId:4  stepValueResponse:{stepValue:{stepValue:"レスポンスのJSONの配列{}に、小数値{}が存在しない"  parameterizedStepValue:"レスポンスのJSONの配列<jsonPath>に、小数値<value>が存在しない"  parameters:"jsonPath"  parameters:"value"}}
22-05-2023 08:46:41.102 [Gauge] [DEBUG] Api Request Received: messageType:GetStepValueRequest  messageId:4  stepValueRequest:{stepText:"レスポンスのJSONの配列<jsonPath>に、文字列<value>が存在する"}
22-05-2023 08:46:41.102 [Gauge] [DEBUG] Sending API response: messageType:GetStepValueResponse  messageId:4  stepValueResponse:{stepValue:{stepValue:"レスポンスのJSONの配列{}に、文字列{}が存在する"  parameterizedStepValue:"レスポンスのJSONの配列<jsonPath>に、文字列<value>が存在する"  parameters:"jsonPath"  parameters:"value"}}
22-05-2023 08:46:41.104 [Gauge] [DEBUG] Api Request Received: messageType:GetStepValueRequest  messageId:4  stepValueRequest:{stepText:"レスポンスのJSONの<jsonPath>が文字列の<expected>である"}
22-05-2023 08:46:41.104 [Gauge] [DEBUG] Sending API response: messageType:GetStepValueResponse  messageId:4  stepValueResponse:{stepValue:{stepValue:"レスポンスのJSONの{}が文字列の{}である"  parameterizedStepValue:"レスポンスのJSONの<jsonPath>が文字列の<expected>である"  parameters:"jsonPath"  parameters:"expected"}}
22-05-2023 08:46:41.105 [Gauge] [DEBUG] Api Request Received: messageType:GetStepValueRequest  messageId:4  stepValueRequest:{stepText:"レスポンスのJSONの<jsonPath>の配列の、UniqueKey<uniqueKey>の値が<filterValue>である要素の<key>が、文字列の<expected>である"}
22-05-2023 08:46:41.106 [Gauge] [DEBUG] Sending API response: messageType:GetStepValueResponse  messageId:4  stepValueResponse:{stepValue:{stepValue:"レスポンスのJSONの{}の配列の、UniqueKey{}の値が{}である要素の{}が、文字列の{}である"  parameterizedStepValue:"レスポンスのJSONの<jsonPath>の配列の、UniqueKey<uniqueKey>の値が<filterValue>である要素の<key>が、文字列の<expected>である"  parameters:"jsonPath"  parameters:"uniqueKey"  parameters:"filterValue"  parameters:"key"  parameters:"expected"}}
22-05-2023 08:46:41.107 [Gauge] [DEBUG] Api Request Received: messageType:GetStepValueRequest  messageId:4  stepValueRequest:{stepText:"レスポンスのJSONの配列<jsonPath>に、文字列<value>が存在しない"}
22-05-2023 08:46:41.107 [Gauge] [DEBUG] Sending API response: messageType:GetStepValueResponse  messageId:4  stepValueResponse:{stepValue:{stepValue:"レスポンスのJSONの配列{}に、文字列{}が存在しない"  parameterizedStepValue:"レスポンスのJSONの配列<jsonPath>に、文字列<value>が存在しない"  parameters:"jsonPath"  parameters:"value"}}
22-05-2023 08:46:41.109 [Gauge] [DEBUG] Api Request Received: messageType:GetStepValueRequest  messageId:4  stepValueRequest:{stepText:"レスポンスのJSONの配列<arrayJsonPath>が、数値<orderKey>の昇順に並んでいる"}
22-05-2023 08:46:41.109 [Gauge] [DEBUG] Sending API response: messageType:GetStepValueResponse  messageId:4  stepValueResponse:{stepValue:{stepValue:"レスポンスのJSONの配列{}が、数値{}の昇順に並んでいる"  parameterizedStepValue:"レスポンスのJSONの配列<arrayJsonPath>が、数値<orderKey>の昇順に並んでいる"  parameters:"arrayJsonPath"  parameters:"orderKey"}}
22-05-2023 08:46:41.111 [Gauge] [DEBUG] Api Request Received: messageType:GetStepValueRequest  messageId:4  stepValueRequest:{stepText:"レスポンスのJSONの配列<arrayJsonPath>が、数値<orderKey>の降順に並んでいる"}
22-05-2023 08:46:41.111 [Gauge] [DEBUG] Sending API response: messageType:GetStepValueResponse  messageId:4  stepValueResponse:{stepValue:{stepValue:"レスポンスのJSONの配列{}が、数値{}の降順に並んでいる"  parameterizedStepValue:"レスポンスのJSONの配列<arrayJsonPath>が、数値<orderKey>の降順に並んでいる"  parameters:"arrayJsonPath"  parameters:"orderKey"}}
22-05-2023 08:46:41.113 [Gauge] [DEBUG] Api Request Received: messageType:GetStepValueRequest  messageId:4  stepValueRequest:{stepText:"レスポンスのJSONの配列<arrayJsonPath>が、文字列<orderKey>の昇順に並んでいる"}
22-05-2023 08:46:41.113 [Gauge] [DEBUG] Sending API response: messageType:GetStepValueResponse  messageId:4  stepValueResponse:{stepValue:{stepValue:"レスポンスのJSONの配列{}が、文字列{}の昇順に並んでいる"  parameterizedStepValue:"レスポンスのJSONの配列<arrayJsonPath>が、文字列<orderKey>の昇順に並んでいる"  parameters:"arrayJsonPath"  parameters:"orderKey"}}
22-05-2023 08:46:41.114 [Gauge] [DEBUG] Api Request Received: messageType:GetStepValueRequest  messageId:4  stepValueRequest:{stepText:"レスポンスのJSONの配列<arrayJsonPath>が、日付/時間<orderKey>の昇順に並んでいる"}
22-05-2023 08:46:41.114 [Gauge] [DEBUG] Sending API response: messageType:GetStepValueResponse  messageId:4  stepValueResponse:{stepValue:{stepValue:"レスポンスのJSONの配列{}が、日付/時間{}の昇順に並んでいる"  parameterizedStepValue:"レスポンスのJSONの配列<arrayJsonPath>が、日付/時間<orderKey>の昇順に並んでいる"  parameters:"arrayJsonPath"  parameters:"orderKey"}}
22-05-2023 08:46:41.115 [Gauge] [DEBUG] Api Request Received: messageType:GetStepValueRequest  messageId:4  stepValueRequest:{stepText:"レスポンスのJSONの配列<arrayJsonPath>が、文字列<orderKey>の降順に並んでいる"}
22-05-2023 08:46:41.115 [Gauge] [DEBUG] Sending API response: messageType:GetStepValueResponse  messageId:4  stepValueResponse:{stepValue:{stepValue:"レスポンスのJSONの配列{}が、文字列{}の降順に並んでいる"  parameterizedStepValue:"レスポンスのJSONの配列<arrayJsonPath>が、文字列<orderKey>の降順に並んでいる"  parameters:"arrayJsonPath"  parameters:"orderKey"}}
22-05-2023 08:46:41.116 [Gauge] [DEBUG] Api Request Received: messageType:GetStepValueRequest  messageId:4  stepValueRequest:{stepText:"レスポンスのJSONの配列<arrayJsonPath>が、日付/時間<orderKey>の降順に並んでいる"}
22-05-2023 08:46:41.116 [Gauge] [DEBUG] Sending API response: messageType:GetStepValueResponse  messageId:4  stepValueResponse:{stepValue:{stepValue:"レスポンスのJSONの配列{}が、日付/時間{}の降順に並んでいる"  parameterizedStepValue:"レスポンスのJSONの配列<arrayJsonPath>が、日付/時間<orderKey>の降順に並んでいる"  parameters:"arrayJsonPath"  parameters:"orderKey"}}
22-05-2023 08:46:41.117 [Gauge] [DEBUG] Api Request Received: messageType:GetStepValueRequest  messageId:4  stepValueRequest:{stepText:"レスポンスのJSONの配列<arrayJsonPath>が、タイムゾーン付きの日付/時間<orderKey>の昇順に並んでいる"}
22-05-2023 08:46:41.117 [Gauge] [DEBUG] Sending API response: messageType:GetStepValueResponse  messageId:4  stepValueResponse:{stepValue:{stepValue:"レスポンスのJSONの配列{}が、タイムゾーン付きの日付/時間{}の昇順に並んでいる"  parameterizedStepValue:"レスポンスのJSONの配列<arrayJsonPath>が、タイムゾーン付きの日付/時間<orderKey>の昇順に並んでいる"  parameters:"arrayJsonPath"  parameters:"orderKey"}}
22-05-2023 08:46:41.118 [Gauge] [DEBUG] Api Request Received: messageType:GetStepValueRequest  messageId:4  stepValueRequest:{stepText:"レスポンスのJSONの配列<arrayJsonPath>が、タイムゾーン付きの日付/時間<orderKey>の降順に並んでいる"}
22-05-2023 08:46:41.119 [Gauge] [DEBUG] Sending API response: messageType:GetStepValueResponse  messageId:4  stepValueResponse:{stepValue:{stepValue:"レスポンスのJSONの配列{}が、タイムゾーン付きの日付/時間{}の降順に並んでいる"  parameterizedStepValue:"レスポンスのJSONの配列<arrayJsonPath>が、タイムゾーン付きの日付/時間<orderKey>の降順に並んでいる"  parameters:"arrayJsonPath"  parameters:"orderKey"}}
22-05-2023 08:46:41.120 [Gauge] [DEBUG] Api Request Received: messageType:GetStepValueRequest  messageId:4  stepValueRequest:{stepText:"レスポンスのJSONの<jsonPath>が真偽値の<expected>である"}
22-05-2023 08:46:41.120 [Gauge] [DEBUG] Sending API response: messageType:GetStepValueResponse  messageId:4  stepValueResponse:{stepValue:{stepValue:"レスポンスのJSONの{}が真偽値の{}である"  parameterizedStepValue:"レスポンスのJSONの<jsonPath>が真偽値の<expected>である"  parameters:"jsonPath"  parameters:"expected"}}
22-05-2023 08:46:41.121 [Gauge] [DEBUG] Api Request Received: messageType:GetStepValueRequest  messageId:4  stepValueRequest:{stepText:"レスポンスのJSONの<jsonPath>の配列の、UniqueKey<uniqueKey>の値が<filterValue>である要素の<key>が、真偽値の<expected>である"}
22-05-2023 08:46:41.121 [Gauge] [DEBUG] Sending API response: messageType:GetStepValueResponse  messageId:4  stepValueResponse:{stepValue:{stepValue:"レスポンスのJSONの{}の配列の、UniqueKey{}の値が{}である要素の{}が、真偽値の{}である"  parameterizedStepValue:"レスポンスのJSONの<jsonPath>の配列の、UniqueKey<uniqueKey>の値が<filterValue>である要素の<key>が、真偽値の<expected>である"  parameters:"jsonPath"  parameters:"uniqueKey"  parameters:"filterValue"  parameters:"key"  parameters:"expected"}}
22-05-2023 08:46:41.123 [Gauge] [DEBUG] Api Request Received: messageType:GetStepValueRequest  messageId:4  stepValueRequest:{stepText:"レスポンスのJSONの<jsonPath>が真偽値のfalseである"}
22-05-2023 08:46:41.123 [Gauge] [DEBUG] Sending API response: messageType:GetStepValueResponse  messageId:4  stepValueResponse:{stepValue:{stepValue:"レスポンスのJSONの{}が真偽値のfalseである"  parameterizedStepValue:"レスポンスのJSONの<jsonPath>が真偽値のfalseである"  parameters:"jsonPath"}}
22-05-2023 08:46:41.124 [Gauge] [DEBUG] Api Request Received: messageType:GetStepValueRequest  messageId:4  stepValueRequest:{stepText:"レスポンスのJSONの<jsonPath>が真偽値のtrueである"}
22-05-2023 08:46:41.124 [Gauge] [DEBUG] Sending API response: messageType:GetStepValueResponse  messageId:4  stepValueResponse:{stepValue:{stepValue:"レスポンスのJSONの{}が真偽値のtrueである"  parameterizedStepValue:"レスポンスのJSONの<jsonPath>が真偽値のtrueである"  parameters:"jsonPath"}}
22-05-2023 08:46:41.126 [Gauge] [DEBUG] Api Request Received: messageType:GetStepValueRequest  messageId:4  stepValueRequest:{stepText:"レスポンスのJSONの<jsonPath>が存在しない"}
22-05-2023 08:46:41.126 [Gauge] [DEBUG] Sending API response: messageType:GetStepValueResponse  messageId:4  stepValueResponse:{stepValue:{stepValue:"レスポンスのJSONの{}が存在しない"  parameterizedStepValue:"レスポンスのJSONの<jsonPath>が存在しない"  parameters:"jsonPath"}}
22-05-2023 08:46:41.128 [Gauge] [DEBUG] Api Request Received: messageType:GetStepValueRequest  messageId:4  stepValueRequest:{stepText:"レスポンスのJSONの<jsonPath>の配列に、Key<key>の値が<value>である要素が存在する"}
22-05-2023 08:46:41.128 [Gauge] [DEBUG] Sending API response: messageType:GetStepValueResponse  messageId:4  stepValueResponse:{stepValue:{stepValue:"レスポンスのJSONの{}の配列に、Key{}の値が{}である要素が存在する"  parameterizedStepValue:"レスポンスのJSONの<jsonPath>の配列に、Key<key>の値が<value>である要素が存在する"  parameters:"jsonPath"  parameters:"key"  parameters:"value"}}
22-05-2023 08:46:41.129 [Gauge] [DEBUG] Api Request Received: messageType:GetStepValueRequest  messageId:4  stepValueRequest:{stepText:"レスポンスのJSONの<jsonPath>の配列の長さが<length>である"}
22-05-2023 08:46:41.129 [Gauge] [DEBUG] Sending API response: messageType:GetStepValueResponse  messageId:4  stepValueResponse:{stepValue:{stepValue:"レスポンスのJSONの{}の配列の長さが{}である"  parameterizedStepValue:"レスポンスのJSONの<jsonPath>の配列の長さが<length>である"  parameters:"jsonPath"  parameters:"length"}}
22-05-2023 08:46:41.130 [Gauge] [DEBUG] Api Request Received: messageType:GetStepValueRequest  messageId:4  stepValueRequest:{stepText:"レスポンスのJSONの配列<jsonPath>に、整数値<value>が存在する"}
22-05-2023 08:46:41.131 [Gauge] [DEBUG] Sending API response: messageType:GetStepValueResponse  messageId:4  stepValueResponse:{stepValue:{stepValue:"レスポンスのJSONの配列{}に、整数値{}が存在する"  parameterizedStepValue:"レスポンスのJSONの配列<jsonPath>に、整数値<value>が存在する"  parameters:"jsonPath"  parameters:"value"}}
22-05-2023 08:46:41.132 [Gauge] [DEBUG] Api Request Received: messageType:GetStepValueRequest  messageId:4  stepValueRequest:{stepText:"レスポンスのJSONの<jsonPath>が整数の<expected>である"}
22-05-2023 08:46:41.132 [Gauge] [DEBUG] Sending API response: messageType:GetStepValueResponse  messageId:4  stepValueResponse:{stepValue:{stepValue:"レスポンスのJSONの{}が整数の{}である"  parameterizedStepValue:"レスポンスのJSONの<jsonPath>が整数の<expected>である"  parameters:"jsonPath"  parameters:"expected"}}
22-05-2023 08:46:41.134 [Gauge] [DEBUG] Api Request Received: messageType:GetStepValueRequest  messageId:4  stepValueRequest:{stepText:"レスポンスのJSONの<jsonPath>の配列の、UniqueKey<uniqueKey>の値が<filterValue>である要素の<key>が、整数値の<expected>である"}
22-05-2023 08:46:41.134 [Gauge] [DEBUG] Sending API response: messageType:GetStepValueResponse  messageId:4  stepValueResponse:{stepValue:{stepValue:"レスポンスのJSONの{}の配列の、UniqueKey{}の値が{}である要素の{}が、整数値の{}である"  parameterizedStepValue:"レスポンスのJSONの<jsonPath>の配列の、UniqueKey<uniqueKey>の値が<filterValue>である要素の<key>が、整数値の<expected>である"  parameters:"jsonPath"  parameters:"uniqueKey"  parameters:"filterValue"  parameters:"key"  parameters:"expected"}}
22-05-2023 08:46:41.135 [Gauge] [DEBUG] Api Request Received: messageType:GetStepValueRequest  messageId:4  stepValueRequest:{stepText:"レスポンスのJSONの配列<jsonPath>に、整数値<value>が存在しない"}
22-05-2023 08:46:41.135 [Gauge] [DEBUG] Sending API response: messageType:GetStepValueResponse  messageId:4  stepValueResponse:{stepValue:{stepValue:"レスポンスのJSONの配列{}に、整数値{}が存在しない"  parameterizedStepValue:"レスポンスのJSONの配列<jsonPath>に、整数値<value>が存在しない"  parameters:"jsonPath"  parameters:"value"}}
22-05-2023 08:46:54.664 [Gauge] [DEBUG] Api Request Received: messageType:GetStepValueRequest  messageId:4  stepValueRequest:{stepText:"HelloWorldを出力する"}
22-05-2023 08:46:54.664 [Gauge] [DEBUG] Sending API response: messageType:GetStepValueResponse  messageId:4  stepValueResponse:{stepValue:{stepValue:"HelloWorldを出力する"  parameterizedStepValue:"HelloWorldを出力する"}}
22-05-2023 08:46:54.664 [Gauge] [DEBUG] Api Request Received: messageType:GetStepValueRequest  messageId:4  stepValueRequest:{stepText:"HelloWorldを出力する"}
22-05-2023 08:46:54.664 [Gauge] [DEBUG] Sending API response: messageType:GetStepValueResponse  messageId:4  stepValueResponse:{stepValue:{stepValue:"HelloWorldを出力する"  parameterizedStepValue:"HelloWorldを出力する"}}
22-05-2023 08:46:54.664 [Gauge] [DEBUG] Api Request Received: messageType:GetStepValueRequest  messageId:4  stepValueRequest:{stepText:"HelloWorldを出力する"}
22-05-2023 08:46:54.664 [Gauge] [DEBUG] Sending API response: messageType:GetStepValueResponse  messageId:4  stepValueResponse:{stepValue:{stepValue:"HelloWorldを出力する"  parameterizedStepValue:"HelloWorldを出力する"}}
22-05-2023 08:46:54.664 [Gauge] [DEBUG] Api Request Received: messageType:GetStepValueRequest  messageId:4  stepValueRequest:{stepText:"HelloWorldを出力する"}
22-05-2023 08:46:54.664 [Gauge] [DEBUG] Sending API response: messageType:GetStepValueResponse  messageId:4  stepValueResponse:{stepValue:{stepValue:"HelloWorldを出力する"  parameterizedStepValue:"HelloWorldを出力する"}}
22-05-2023 08:46:56.992 [Gauge] [DEBUG] Api Request Received: messageType:GetStepValueRequest  messageId:4  stepValueRequest:{stepText:"H出力する"}
22-05-2023 08:46:56.992 [Gauge] [DEBUG] Sending API response: messageType:GetStepValueResponse  messageId:4  stepValueResponse:{stepValue:{stepValue:"H出力する"  parameterizedStepValue:"H出力する"}}
22-05-2023 08:46:57.361 [Gauge] [DEBUG] Api Request Received: messageType:GetStepValueRequest  messageId:4  stepValueRequest:{stepText:"He出力する"}
22-05-2023 08:46:57.361 [Gauge] [DEBUG] Sending API response: messageType:GetStepValueResponse  messageId:4  stepValueResponse:{stepValue:{stepValue:"He出力する"  parameterizedStepValue:"He出力する"}}
22-05-2023 08:46:57.717 [Gauge] [DEBUG] Api Request Received: messageType:GetStepValueRequest  messageId:4  stepValueRequest:{stepText:"Hel出力する"}
22-05-2023 08:46:57.717 [Gauge] [DEBUG] Sending API response: messageType:GetStepValueResponse  messageId:4  stepValueResponse:{stepValue:{stepValue:"Hel出力する"  parameterizedStepValue:"Hel出力する"}}
22-05-2023 08:46:57.862 [Gauge] [DEBUG] Api Request Received: messageType:GetStepValueRequest  messageId:4  stepValueRequest:{stepText:"Hell出力する"}
22-05-2023 08:46:57.862 [Gauge] [DEBUG] Sending API response: messageType:GetStepValueResponse  messageId:4  stepValueResponse:{stepValue:{stepValue:"Hell出力する"  parameterizedStepValue:"Hell出力する"}}
22-05-2023 08:46:58.033 [Gauge] [DEBUG] Api Request Received: messageType:GetStepValueRequest  messageId:4  stepValueRequest:{stepText:"Hello出力する"}
22-05-2023 08:46:58.034 [Gauge] [DEBUG] Sending API response: messageType:GetStepValueResponse  messageId:4  stepValueResponse:{stepValue:{stepValue:"Hello出力する"  parameterizedStepValue:"Hello出力する"}}
22-05-2023 08:46:58.357 [Gauge] [DEBUG] Api Request Received: messageType:GetStepValueRequest  messageId:4  stepValueRequest:{stepText:"HelloW出力する"}
22-05-2023 08:46:58.357 [Gauge] [DEBUG] Sending API response: messageType:GetStepValueResponse  messageId:4  stepValueResponse:{stepValue:{stepValue:"HelloW出力する"  parameterizedStepValue:"HelloW出力する"}}
22-05-2023 08:46:58.527 [Gauge] [DEBUG] Api Request Received: messageType:GetStepValueRequest  messageId:4  stepValueRequest:{stepText:"HelloWo出力する"}
22-05-2023 08:46:58.527 [Gauge] [DEBUG] Sending API response: messageType:GetStepValueResponse  messageId:4  stepValueResponse:{stepValue:{stepValue:"HelloWo出力する"  parameterizedStepValue:"HelloWo出力する"}}
22-05-2023 08:46:58.639 [Gauge] [DEBUG] Api Request Received: messageType:GetStepValueRequest  messageId:4  stepValueRequest:{stepText:"HelloWor出力する"}
22-05-2023 08:46:58.639 [Gauge] [DEBUG] Sending API response: messageType:GetStepValueResponse  messageId:4  stepValueResponse:{stepValue:{stepValue:"HelloWor出力する"  parameterizedStepValue:"HelloWor出力する"}}
22-05-2023 08:46:58.798 [Gauge] [DEBUG] Api Request Received: messageType:GetStepValueRequest  messageId:4  stepValueRequest:{stepText:"HelloWorl出力する"}
22-05-2023 08:46:58.798 [Gauge] [DEBUG] Sending API response: messageType:GetStepValueResponse  messageId:4  stepValueResponse:{stepValue:{stepValue:"HelloWorl出力する"  parameterizedStepValue:"HelloWorl出力する"}}
22-05-2023 08:46:58.920 [Gauge] [DEBUG] Api Request Received: messageType:GetStepValueRequest  messageId:4  stepValueRequest:{stepText:"HelloWorld出力する"}
22-05-2023 08:46:58.920 [Gauge] [DEBUG] Sending API response: messageType:GetStepValueResponse  messageId:4  stepValueResponse:{stepValue:{stepValue:"HelloWorld出力する"  parameterizedStepValue:"HelloWorld出力する"}}
22-05-2023 08:46:59.212 [Gauge] [DEBUG] Api Request Received: messageType:GetAllStepsRequest  messageId:2  allStepsRequest:{}
22-05-2023 08:46:59.212 [Gauge] [DEBUG] Sending API response: messageType:GetAllStepResponse  messageId:2  allStepsResponse:{allSteps:{stepValue:"出力する"  parameterizedStepValue:"出力する"}}
22-05-2023 08:46:59.214 [Gauge] [DEBUG] Api Request Received: messageType:GetAllConceptsRequest  messageId:6  allConceptsRequest:{}
22-05-2023 08:46:59.214 [Gauge] [DEBUG] Sending API response: messageType:GetAllConceptsResponse  messageId:6  allConceptsResponse:{}
22-05-2023 08:47:00.254 [Gauge] [DEBUG] Spec file added / modified: /home/watanabejin/workspace/gauge-inte/specs/Hello.spec
22-05-2023 08:47:00.261 [Gauge] [DEBUG] Spec file added / modified: /home/watanabejin/workspace/gauge-inte/specs/Hello.spec
22-05-2023 08:47:05.729 [Gauge] [DEBUG] Api Request Received: messageType:GetAllStepsRequest  messageId:2  allStepsRequest:{}
22-05-2023 08:47:05.729 [Gauge] [DEBUG] Sending API response: messageType:GetAllStepResponse  messageId:2  allStepsResponse:{allSteps:{stepValue:"HelloWorld出力する"  parameterizedStepValue:"HelloWorld出力する"}}
22-05-2023 08:47:05.729 [Gauge] [DEBUG] Api Request Received: messageType:GetAllConceptsRequest  messageId:6  allConceptsRequest:{}
22-05-2023 08:47:05.729 [Gauge] [DEBUG] Sending API response: messageType:GetAllConceptsResponse  messageId:6  allConceptsResponse:{}
22-05-2023 08:47:08.591 [Gauge] [DEBUG] Spec file added / modified: /home/watanabejin/workspace/gauge-inte/specs/Hello.spec
22-05-2023 08:47:08.592 [Gauge] [DEBUG] Spec file added / modified: /home/watanabejin/workspace/gauge-inte/specs/Hello.spec
